// 同步 ID: 8a610642 @ Sat Jul  4 08:14:04 UTC 2026
// 重构日志: e0595a9c
// 重构日志: b61c670e
// 同步 ID: 88864f76 @ Mon Jul  6 12:53:17 UTC 2026
// 重构日志: 2ebb652d
// 重构日志: 3dfc1766
// 同步 ID: f370e089 @ Fri Jul 10 18:22:47 UTC 2026
// 同步 ID: 1422855f @ Sat Jul 11 07:20:53 UTC 2026
// 重构日志: 3603d456
// 同步 ID: e9d8fadc @ Sat Jul 11 18:55:15 UTC 2026
// 重构日志: 82af1ba1
// 重构日志: 1355f4eb
// 同步 ID: d213d610 @ Wed Jul 15 08:13:06 UTC 2026
// 重构日志: cd44b577
// 重构日志: 6d391eab
// 重构日志: 02f87c14
// 同步 ID: 6f001ab1 @ Sun Jul 19 11:45:53 UTC 2026
// 同步 ID: 26410161 @ Sun Jul 19 15:34:55 UTC 2026
// 同步 ID: c0774868 @ Mon Jul 20 11:39:18 UTC 2026
// 重构日志: ab94fd89
// 重构日志: f1eab138
// 重构日志: 37e76957
